::1 - - [29/Nov/2018:17:29:10 +0530] "GET / HTTP/1.1" 200 207
::1 - - [29/Nov/2018:17:29:10 +0530] "GET /favicon.ico HTTP/1.1" 404 209
::1 - - [29/Nov/2018:17:29:26 +0530] "GET /index.html HTTP/1.1" 200 46
::1 - - [29/Nov/2018:17:30:52 +0530] "GET /phpmyadmin HTTP/1.1" 301 236
::1 - - [29/Nov/2018:17:30:52 +0530] "GET /phpmyadmin/ HTTP/1.1" 200 19899
::1 - - [29/Nov/2018:17:32:31 +0530] "GET / HTTP/1.1" 200 297
::1 - - [29/Nov/2018:17:32:34 +0530] "GET /info.php HTTP/1.1" 200 18
::1 - - [29/Nov/2018:17:33:34 +0530] "GET /info.php HTTP/1.1" 304 -
::1 - - [29/Nov/2018:17:52:10 +0530] "GET /info.php HTTP/1.1" 304 -
::1 - - [29/Nov/2018:17:52:20 +0530] "GET / HTTP/1.1" 200 297
::1 - - [29/Nov/2018:17:52:21 +0530] "GET / HTTP/1.1" 200 297
::1 - - [29/Nov/2018:17:55:17 +0530] "GET / HTTP/1.1" 200 297
::1 - - [29/Nov/2018:17:55:19 +0530] "GET /info.php HTTP/1.1" 304 -
::1 - - [29/Nov/2018:18:12:05 +0530] "GET / HTTP/1.1" 200 297
::1 - - [29/Nov/2018:18:12:05 +0530] "GET /favicon.ico HTTP/1.1" 404 209
::1 - - [29/Nov/2018:18:12:07 +0530] "GET /info.php HTTP/1.1" 200 89503
::1 - - [29/Nov/2018:18:14:26 +0530] "GET / HTTP/1.1" 200 297
::1 - - [29/Nov/2018:18:14:33 +0530] "GET /info.php HTTP/1.1" 200 88904
::1 - - [29/Nov/2018:18:26:42 +0530] "GET /info.php HTTP/1.1" 200 89139
::1 - - [29/Nov/2018:18:26:45 +0530] "GET / HTTP/1.1" 200 337
::1 - - [29/Nov/2018:18:26:46 +0530] "GET /phpMyAdmin-4.8.3-all-languages/ HTTP/1.1" 200 400
::1 - - [29/Nov/2018:18:26:48 +0530] "GET /phpMyAdmin-4.8.3-all-languages/phpmyadmin/ HTTP/1.1" 200 3471
::1 - - [29/Nov/2018:18:26:48 +0530] "GET /phpMyAdmin-4.8.3-all-languages/phpmyadmin/themes/pmahomme/jquery/jquery-ui.css HTTP/1.1" 200 36566
::1 - - [29/Nov/2018:18:26:48 +0530] "GET /phpMyAdmin-4.8.3-all-languages/phpmyadmin/js/vendor/codemirror/lib/codemirror.css?v=4.8.3 HTTP/1.1" 200 8542
::1 - - [29/Nov/2018:18:26:48 +0530] "GET /phpMyAdmin-4.8.3-all-languages/phpmyadmin/js/vendor/jquery/jquery-migrate.js?v=4.8.3 HTTP/1.1" 200 17813
::1 - - [29/Nov/2018:18:26:48 +0530] "GET /phpMyAdmin-4.8.3-all-languages/phpmyadmin/js/vendor/codemirror/addon/hint/show-hint.css?v=4.8.3 HTTP/1.1" 200 623
::1 - - [29/Nov/2018:18:26:48 +0530] "GET /phpMyAdmin-4.8.3-all-languages/phpmyadmin/js/vendor/sprintf.js?v=4.8.3 HTTP/1.1" 200 7387
::1 - - [29/Nov/2018:18:26:48 +0530] "GET /phpMyAdmin-4.8.3-all-languages/phpmyadmin/js/vendor/codemirror/addon/lint/lint.css?v=4.8.3 HTTP/1.1" 200 2999
::1 - - [29/Nov/2018:18:26:48 +0530] "GET /phpMyAdmin-4.8.3-all-languages/phpmyadmin/js/vendor/jquery/jquery.min.js?v=4.8.3 HTTP/1.1" 200 86927
::1 - - [29/Nov/2018:18:26:48 +0530] "GET /phpMyAdmin-4.8.3-all-languages/phpmyadmin/js/ajax.js?v=4.8.3 HTTP/1.1" 200 31246
::1 - - [29/Nov/2018:18:26:48 +0530] "GET /phpMyAdmin-4.8.3-all-languages/phpmyadmin/js/keyhandler.js?v=4.8.3 HTTP/1.1" 200 3333
::1 - - [29/Nov/2018:18:26:48 +0530] "GET /phpMyAdmin-4.8.3-all-languages/phpmyadmin/js/vendor/jquery/jquery-ui.min.js?v=4.8.3 HTTP/1.1" 200 253681
::1 - - [29/Nov/2018:18:26:49 +0530] "GET /phpMyAdmin-4.8.3-all-languages/phpmyadmin/js/vendor/jquery/jquery.mousewheel.js?v=4.8.3 HTTP/1.1" 200 8267
::1 - - [29/Nov/2018:18:26:49 +0530] "GET /phpMyAdmin-4.8.3-all-languages/phpmyadmin/js/vendor/js.cookie.js?v=4.8.3 HTTP/1.1" 200 3886
::1 - - [29/Nov/2018:18:26:49 +0530] "GET /phpMyAdmin-4.8.3-all-languages/phpmyadmin/js/vendor/jquery/jquery.event.drag-2.2.js?v=4.8.3 HTTP/1.1" 200 12826
::1 - - [29/Nov/2018:18:26:49 +0530] "GET /phpMyAdmin-4.8.3-all-languages/phpmyadmin/js/vendor/jquery/jquery.validate.js?v=4.8.3 HTTP/1.1" 200 48696
::1 - - [29/Nov/2018:18:26:49 +0530] "GET /phpMyAdmin-4.8.3-all-languages/phpmyadmin/js/vendor/jquery/jquery-ui-timepicker-addon.js?v=4.8.3 HTTP/1.1" 200 78475
::1 - - [29/Nov/2018:18:26:49 +0530] "GET /phpMyAdmin-4.8.3-all-languages/phpmyadmin/js/vendor/jquery/jquery.ba-hashchange-1.3.js?v=4.8.3 HTTP/1.1" 200 16522
::1 - - [29/Nov/2018:18:26:49 +0530] "GET /phpMyAdmin-4.8.3-all-languages/phpmyadmin/js/vendor/jquery/jquery.debounce-1.0.5.js?v=4.8.3 HTTP/1.1" 200 1169
::1 - - [29/Nov/2018:18:26:49 +0530] "GET /phpMyAdmin-4.8.3-all-languages/phpmyadmin/js/menu-resizer.js?v=4.8.3 HTTP/1.1" 200 8318
::1 - - [29/Nov/2018:18:26:49 +0530] "GET /phpMyAdmin-4.8.3-all-languages/phpmyadmin/js/cross_framing_protection.js?v=4.8.3 HTTP/1.1" 200 471
::1 - - [29/Nov/2018:18:26:49 +0530] "GET /phpMyAdmin-4.8.3-all-languages/phpmyadmin/js/rte.js?v=4.8.3 HTTP/1.1" 200 47678
::1 - - [29/Nov/2018:18:26:49 +0530] "GET /phpMyAdmin-4.8.3-all-languages/phpmyadmin/js/vendor/tracekit.js?v=4.8.3 HTTP/1.1" 200 45389
::1 - - [29/Nov/2018:18:26:49 +0530] "GET /phpMyAdmin-4.8.3-all-languages/phpmyadmin/js/error_report.js?v=4.8.3 HTTP/1.1" 200 10112
::1 - - [29/Nov/2018:18:26:49 +0530] "GET /phpMyAdmin-4.8.3-all-languages/phpmyadmin/js/config.js?v=4.8.3 HTTP/1.1" 200 26929
::1 - - [29/Nov/2018:18:26:49 +0530] "GET /phpMyAdmin-4.8.3-all-languages/phpmyadmin/js/doclinks.js?v=4.8.3 HTTP/1.1" 200 20643
::1 - - [29/Nov/2018:18:26:49 +0530] "GET /phpMyAdmin-4.8.3-all-languages/phpmyadmin/js/navigation.js?v=4.8.3 HTTP/1.1" 200 59816
::1 - - [29/Nov/2018:18:26:49 +0530] "GET /phpMyAdmin-4.8.3-all-languages/phpmyadmin/js/indexes.js?v=4.8.3 HTTP/1.1" 200 27371
::1 - - [29/Nov/2018:18:26:49 +0530] "GET /phpMyAdmin-4.8.3-all-languages/phpmyadmin/js/functions.js?v=4.8.3 HTTP/1.1" 200 173488
::1 - - [29/Nov/2018:18:26:49 +0530] "GET /phpMyAdmin-4.8.3-all-languages/phpmyadmin/js/page_settings.js?v=4.8.3 HTTP/1.1" 200 1749
::1 - - [29/Nov/2018:18:26:49 +0530] "GET /phpMyAdmin-4.8.3-all-languages/phpmyadmin/js/common.js?v=4.8.3 HTTP/1.1" 200 19168
::1 - - [29/Nov/2018:18:26:49 +0530] "GET /phpMyAdmin-4.8.3-all-languages/phpmyadmin/js/shortcuts_handler.js?v=4.8.3 HTTP/1.1" 200 3264
::1 - - [29/Nov/2018:18:26:49 +0530] "GET /phpMyAdmin-4.8.3-all-languages/phpmyadmin/js/vendor/codemirror/mode/sql/sql.js?v=4.8.3 HTTP/1.1" 200 45323
::1 - - [29/Nov/2018:18:26:48 +0530] "GET /phpMyAdmin-4.8.3-all-languages/phpmyadmin/js/whitelist.php?v=4.8.3&lang=en HTTP/1.1" 200 57
::1 - - [29/Nov/2018:18:26:49 +0530] "GET /phpMyAdmin-4.8.3-all-languages/phpmyadmin/js/vendor/codemirror/addon/runmode/runmode.js?v=4.8.3 HTTP/1.1" 200 2499
::1 - - [29/Nov/2018:18:26:49 +0530] "GET /phpMyAdmin-4.8.3-all-languages/phpmyadmin/js/vendor/codemirror/addon/hint/show-hint.js?v=4.8.3 HTTP/1.1" 200 15909
::1 - - [29/Nov/2018:18:26:49 +0530] "GET /phpMyAdmin-4.8.3-all-languages/phpmyadmin/js/vendor/codemirror/lib/codemirror.js?v=4.8.3 HTTP/1.1" 200 373234
::1 - - [29/Nov/2018:18:26:49 +0530] "GET /phpMyAdmin-4.8.3-all-languages/phpmyadmin/js/vendor/codemirror/addon/lint/lint.js?v=4.8.3 HTTP/1.1" 200 8609
::1 - - [29/Nov/2018:18:26:49 +0530] "GET /phpMyAdmin-4.8.3-all-languages/phpmyadmin/js/codemirror/addon/lint/sql-lint.js?v=4.8.3 HTTP/1.1" 200 1048
::1 - - [29/Nov/2018:18:26:49 +0530] "GET /phpMyAdmin-4.8.3-all-languages/phpmyadmin/js/vendor/codemirror/addon/hint/sql-hint.js?v=4.8.3 HTTP/1.1" 200 9148
::1 - - [29/Nov/2018:18:26:49 +0530] "GET /phpMyAdmin-4.8.3-all-languages/phpmyadmin/js/console.js?v=4.8.3 HTTP/1.1" 200 57278
::1 - - [29/Nov/2018:18:26:49 +0530] "GET /phpMyAdmin-4.8.3-all-languages/phpmyadmin/themes/dot.gif HTTP/1.1" 200 43
::1 - - [29/Nov/2018:18:26:49 +0530] "GET /phpMyAdmin-4.8.3-all-languages/phpmyadmin/themes/pmahomme/img/logo_right.png HTTP/1.1" 200 4306
::1 - - [29/Nov/2018:18:26:49 +0530] "GET /phpMyAdmin-4.8.3-all-languages/phpmyadmin/themes/pmahomme/css/printview.css?v=4.8.3 HTTP/1.1" 200 2746
::1 - - [29/Nov/2018:18:26:48 +0530] "GET /phpMyAdmin-4.8.3-all-languages/phpmyadmin/phpmyadmin.css.php?nocache=3069890315ltr&server=1 HTTP/1.1" 200 20700
::1 - - [29/Nov/2018:18:26:49 +0530] "GET /phpMyAdmin-4.8.3-all-languages/phpmyadmin/js/messages.php?l=en&v=4.8.3&lang=en HTTP/1.1" 200 8822
::1 - - [29/Nov/2018:18:26:49 +0530] "GET /phpMyAdmin-4.8.3-all-languages/phpmyadmin/themes/pmahomme/img/b_help.png HTTP/1.1" 200 705
::1 - - [29/Nov/2018:18:26:49 +0530] "GET /phpMyAdmin-4.8.3-all-languages/phpmyadmin/favicon.ico HTTP/1.1" 200 22486
::1 - - [29/Nov/2018:18:27:23 +0530] "POST /phpMyAdmin-4.8.3-all-languages/phpmyadmin/index.php HTTP/1.1" 302 25
::1 - - [29/Nov/2018:18:27:23 +0530] "GET /phpMyAdmin-4.8.3-all-languages/phpmyadmin/index.php HTTP/1.1" 200 13022
::1 - - [29/Nov/2018:18:27:24 +0530] "GET /phpMyAdmin-4.8.3-all-languages/phpmyadmin/themes/pmahomme/img/logo_left.png HTTP/1.1" 200 2713
::1 - - [29/Nov/2018:18:27:24 +0530] "GET /phpMyAdmin-4.8.3-all-languages/phpmyadmin/phpmyadmin.css.php?nocache=4613386558ltr&server=1 HTTP/1.1" 200 20700
::1 - - [29/Nov/2018:18:27:24 +0530] "GET /phpMyAdmin-4.8.3-all-languages/phpmyadmin/js/whitelist.php?v=4.8.3 HTTP/1.1" 200 57
::1 - - [29/Nov/2018:18:27:24 +0530] "GET /phpMyAdmin-4.8.3-all-languages/phpmyadmin/js/messages.php?l=en&v=4.8.3 HTTP/1.1" 200 8822
::1 - - [29/Nov/2018:18:27:24 +0530] "GET /phpMyAdmin-4.8.3-all-languages/phpmyadmin/themes/pmahomme/img/left_nav_bg.png HTTP/1.1" 200 146
::1 - - [29/Nov/2018:18:27:24 +0530] "GET /phpMyAdmin-4.8.3-all-languages/phpmyadmin/themes/pmahomme/img/s_db.png HTTP/1.1" 200 328
::1 - - [29/Nov/2018:18:27:24 +0530] "GET /phpMyAdmin-4.8.3-all-languages/phpmyadmin/themes/pmahomme/img/b_plus.png HTTP/1.1" 200 143
::1 - - [29/Nov/2018:18:27:24 +0530] "GET /phpMyAdmin-4.8.3-all-languages/phpmyadmin/themes/pmahomme/img/b_newdb.png HTTP/1.1" 200 585
::1 - - [29/Nov/2018:18:27:24 +0530] "GET /phpMyAdmin-4.8.3-all-languages/phpmyadmin/themes/pmahomme/img/s_link.png HTTP/1.1" 200 280
::1 - - [29/Nov/2018:18:27:24 +0530] "GET /phpMyAdmin-4.8.3-all-languages/phpmyadmin/themes/pmahomme/img/ajax_clock_small.gif HTTP/1.1" 200 1810
::1 - - [29/Nov/2018:18:27:24 +0530] "GET /phpMyAdmin-4.8.3-all-languages/phpmyadmin/themes/pmahomme/img/s_reload.png HTTP/1.1" 200 527
::1 - - [29/Nov/2018:18:27:24 +0530] "GET /phpMyAdmin-4.8.3-all-languages/phpmyadmin/themes/pmahomme/img/s_cog.png HTTP/1.1" 200 442
::1 - - [29/Nov/2018:18:27:24 +0530] "GET /phpMyAdmin-4.8.3-all-languages/phpmyadmin/themes/pmahomme/img/b_sqlhelp.png HTTP/1.1" 200 512
::1 - - [29/Nov/2018:18:27:24 +0530] "GET /phpMyAdmin-4.8.3-all-languages/phpmyadmin/themes/pmahomme/img/b_docs.png HTTP/1.1" 200 705
::1 - - [29/Nov/2018:18:27:24 +0530] "GET /phpMyAdmin-4.8.3-all-languages/phpmyadmin/themes/pmahomme/img/s_loggoff.png HTTP/1.1" 200 626
::1 - - [29/Nov/2018:18:27:24 +0530] "GET /phpMyAdmin-4.8.3-all-languages/phpmyadmin/themes/pmahomme/img/b_home.png HTTP/1.1" 200 734
::1 - - [29/Nov/2018:18:27:24 +0530] "GET /phpMyAdmin-4.8.3-all-languages/phpmyadmin/themes/pmahomme/img/s_error.png HTTP/1.1" 200 614
::1 - - [29/Nov/2018:18:27:24 +0530] "GET /phpMyAdmin-4.8.3-all-languages/phpmyadmin/themes/pmahomme/img/window-new.png HTTP/1.1" 200 468
::1 - - [29/Nov/2018:18:27:24 +0530] "GET /phpMyAdmin-4.8.3-all-languages/phpmyadmin/themes/pmahomme/img/s_notice.png HTTP/1.1" 200 567
::1 - - [29/Nov/2018:18:27:24 +0530] "GET /phpMyAdmin-4.8.3-all-languages/phpmyadmin/themes/pmahomme/img/b_tblops.png HTTP/1.1" 200 537
::1 - - [29/Nov/2018:18:27:24 +0530] "GET /phpMyAdmin-4.8.3-all-languages/phpmyadmin/themes/pmahomme/img/s_lang.png HTTP/1.1" 200 659
::1 - - [29/Nov/2018:18:27:24 +0530] "GET /phpMyAdmin-4.8.3-all-languages/phpmyadmin/themes/pmahomme/img/s_theme.png HTTP/1.1" 200 772
::1 - - [29/Nov/2018:18:27:24 +0530] "GET /phpMyAdmin-4.8.3-all-languages/phpmyadmin/themes/pmahomme/img/s_asci.png HTTP/1.1" 200 148
::1 - - [29/Nov/2018:18:27:24 +0530] "GET /phpMyAdmin-4.8.3-all-languages/phpmyadmin/themes/pmahomme/img/s_passwd.png HTTP/1.1" 200 331
::1 - - [29/Nov/2018:18:27:24 +0530] "GET /phpMyAdmin-4.8.3-all-languages/phpmyadmin/themes/pmahomme/img/console.png HTTP/1.1" 200 292
::1 - - [29/Nov/2018:18:27:24 +0530] "GET /phpMyAdmin-4.8.3-all-languages/phpmyadmin/themes/pmahomme/img/s_top.png HTTP/1.1" 200 220
::1 - - [29/Nov/2018:18:27:24 +0530] "GET /phpMyAdmin-4.8.3-all-languages/phpmyadmin/themes/pmahomme/img/b_plugin.png HTTP/1.1" 200 512
::1 - - [29/Nov/2018:18:27:24 +0530] "GET /phpMyAdmin-4.8.3-all-languages/phpmyadmin/themes/pmahomme/img/b_engine.png HTTP/1.1" 200 398
::1 - - [29/Nov/2018:18:27:24 +0530] "GET /phpMyAdmin-4.8.3-all-languages/phpmyadmin/themes/pmahomme/img/s_vars.png HTTP/1.1" 200 523
::1 - - [29/Nov/2018:18:27:24 +0530] "GET /phpMyAdmin-4.8.3-all-languages/phpmyadmin/themes/pmahomme/img/s_replication.png HTTP/1.1" 200 399
::1 - - [29/Nov/2018:18:27:24 +0530] "GET /phpMyAdmin-4.8.3-all-languages/phpmyadmin/themes/pmahomme/img/b_import.png HTTP/1.1" 200 556
::1 - - [29/Nov/2018:18:27:24 +0530] "GET /phpMyAdmin-4.8.3-all-languages/phpmyadmin/themes/pmahomme/img/b_export.png HTTP/1.1" 200 514
::1 - - [29/Nov/2018:18:27:24 +0530] "GET /phpMyAdmin-4.8.3-all-languages/phpmyadmin/themes/pmahomme/img/s_status.png HTTP/1.1" 200 600
::1 - - [29/Nov/2018:18:27:24 +0530] "GET /phpMyAdmin-4.8.3-all-languages/phpmyadmin/themes/pmahomme/img/s_rights.png HTTP/1.1" 200 461
::1 - - [29/Nov/2018:18:27:24 +0530] "GET /phpMyAdmin-4.8.3-all-languages/phpmyadmin/themes/pmahomme/img/b_sql.png HTTP/1.1" 200 680
::1 - - [29/Nov/2018:18:27:24 +0530] "GET /phpMyAdmin-4.8.3-all-languages/phpmyadmin/themes/pmahomme/img/s_host.png HTTP/1.1" 200 591
::1 - - [29/Nov/2018:18:27:24 +0530] "POST /phpMyAdmin-4.8.3-all-languages/phpmyadmin/ajax.php HTTP/1.1" 200 1399
::1 - - [29/Nov/2018:18:27:25 +0530] "GET /phpMyAdmin-4.8.3-all-languages/phpmyadmin/themes/pmahomme/img/b_more.png HTTP/1.1" 200 111
::1 - - [29/Nov/2018:18:27:25 +0530] "POST /phpMyAdmin-4.8.3-all-languages/phpmyadmin/navigation.php?ajax_request=1 HTTP/1.1" 200 2013
::1 - - [29/Nov/2018:18:27:25 +0530] "POST /phpMyAdmin-4.8.3-all-languages/phpmyadmin/ajax.php HTTP/1.1" 200 1492
::1 - - [29/Nov/2018:18:27:25 +0530] "POST /phpMyAdmin-4.8.3-all-languages/phpmyadmin/ajax.php HTTP/1.1" 200 1390
::1 - - [29/Nov/2018:18:27:25 +0530] "POST /phpMyAdmin-4.8.3-all-languages/phpmyadmin/version_check.php HTTP/1.1" 200 28
::1 - - [29/Nov/2018:18:28:05 +0530] "GET /phpMyAdmin-4.8.3-all-languages/phpmyadmin/server_sql.php?ajax_request=true&ajax_page_request=true&_nocache=154349628507692876&token=DCcM%5C%7CCQ%5E%26L%3Ao%7F-( HTTP/1.1" 200 4154
::1 - - [29/Nov/2018:18:28:05 +0530] "GET /phpMyAdmin-4.8.3-all-languages/phpmyadmin/js/vendor/jquery/jquery.uitablefilter.js?v=4.8.3 HTTP/1.1" 200 3479
::1 - - [29/Nov/2018:18:28:05 +0530] "GET /phpMyAdmin-4.8.3-all-languages/phpmyadmin/js/sql.js?v=4.8.3 HTTP/1.1" 200 38305
::1 - - [29/Nov/2018:18:28:05 +0530] "GET /phpMyAdmin-4.8.3-all-languages/phpmyadmin/js/makegrid.js?v=4.8.3 HTTP/1.1" 200 97665
::1 - - [29/Nov/2018:18:28:07 +0530] "GET /phpMyAdmin-4.8.3-all-languages/phpmyadmin/server_databases.php?ajax_request=true&ajax_page_request=true&_nocache=1543496287838825560&token=DCcM%5C%7CCQ%5E%26L%3Ao%7F-( HTTP/1.1" 200 5992
::1 - - [29/Nov/2018:18:28:08 +0530] "GET /phpMyAdmin-4.8.3-all-languages/phpmyadmin/themes/pmahomme/img/b_deltbl.png HTTP/1.1" 200 577
::1 - - [29/Nov/2018:18:28:08 +0530] "GET /phpMyAdmin-4.8.3-all-languages/phpmyadmin/themes/pmahomme/img/s_asc.png HTTP/1.1" 200 146
::1 - - [29/Nov/2018:18:28:08 +0530] "GET /phpMyAdmin-4.8.3-all-languages/phpmyadmin/themes/pmahomme/img/arrow_ltr.png HTTP/1.1" 200 101
::1 - - [29/Nov/2018:18:28:08 +0530] "GET /phpMyAdmin-4.8.3-all-languages/phpmyadmin/js/server_databases.js?v=4.8.3 HTTP/1.1" 200 5695
::1 - - [29/Nov/2018:18:28:12 +0530] "GET /phpMyAdmin-4.8.3-all-languages/phpmyadmin/server_sql.php?ajax_request=true&ajax_page_request=true&_nocache=1543496292857707659&token=DCcM%5C%7CCQ%5E%26L%3Ao%7F-( HTTP/1.1" 200 4154
::1 - - [29/Nov/2018:18:28:15 +0530] "GET /phpMyAdmin-4.8.3-all-languages/phpmyadmin/themes/pmahomme/img/s_lock.png HTTP/1.1" 200 667
::1 - - [29/Nov/2018:18:28:15 +0530] "POST /phpMyAdmin-4.8.3-all-languages/phpmyadmin/db_sql_autocomplete.php HTTP/1.1" 200 1392
::1 - - [29/Nov/2018:18:28:16 +0530] "POST /phpMyAdmin-4.8.3-all-languages/phpmyadmin/lint.php HTTP/1.1" 200 144
::1 - - [29/Nov/2018:18:28:17 +0530] "POST /phpMyAdmin-4.8.3-all-languages/phpmyadmin/lint.php HTTP/1.1" 200 140
::1 - - [29/Nov/2018:18:28:17 +0530] "POST /phpMyAdmin-4.8.3-all-languages/phpmyadmin/lint.php HTTP/1.1" 200 140
::1 - - [29/Nov/2018:18:28:24 +0530] "POST /phpMyAdmin-4.8.3-all-languages/phpmyadmin/lint.php HTTP/1.1" 200 28
::1 - - [29/Nov/2018:18:28:25 +0530] "POST /phpMyAdmin-4.8.3-all-languages/phpmyadmin/lint.php HTTP/1.1" 200 28
::1 - - [29/Nov/2018:18:28:28 +0530] "POST /phpMyAdmin-4.8.3-all-languages/phpmyadmin/lint.php HTTP/1.1" 200 28
::1 - - [29/Nov/2018:18:28:28 +0530] "POST /phpMyAdmin-4.8.3-all-languages/phpmyadmin/lint.php HTTP/1.1" 200 28
::1 - - [29/Nov/2018:18:28:29 +0530] "POST /phpMyAdmin-4.8.3-all-languages/phpmyadmin/lint.php HTTP/1.1" 200 28
::1 - - [29/Nov/2018:18:28:31 +0530] "POST /phpMyAdmin-4.8.3-all-languages/phpmyadmin/lint.php HTTP/1.1" 200 140
::1 - - [29/Nov/2018:18:28:33 +0530] "POST /phpMyAdmin-4.8.3-all-languages/phpmyadmin/lint.php HTTP/1.1" 200 174
::1 - - [29/Nov/2018:18:28:35 +0530] "POST /phpMyAdmin-4.8.3-all-languages/phpmyadmin/lint.php HTTP/1.1" 200 174
::1 - - [29/Nov/2018:18:28:36 +0530] "POST /phpMyAdmin-4.8.3-all-languages/phpmyadmin/lint.php HTTP/1.1" 200 174
::1 - - [29/Nov/2018:18:28:37 +0530] "POST /phpMyAdmin-4.8.3-all-languages/phpmyadmin/lint.php HTTP/1.1" 200 140
::1 - - [29/Nov/2018:18:28:44 +0530] "POST /phpMyAdmin-4.8.3-all-languages/phpmyadmin/lint.php HTTP/1.1" 200 28
::1 - - [29/Nov/2018:18:28:46 +0530] "POST /phpMyAdmin-4.8.3-all-languages/phpmyadmin/lint.php HTTP/1.1" 200 28
::1 - - [29/Nov/2018:18:28:48 +0530] "POST /phpMyAdmin-4.8.3-all-languages/phpmyadmin/lint.php HTTP/1.1" 200 28
::1 - - [29/Nov/2018:18:28:52 +0530] "POST /phpMyAdmin-4.8.3-all-languages/phpmyadmin/import.php HTTP/1.1" 200 1759
::1 - - [29/Nov/2018:18:28:52 +0530] "GET /phpMyAdmin-4.8.3-all-languages/phpmyadmin/themes/pmahomme/img/s_success.png HTTP/1.1" 200 465
::1 - - [29/Nov/2018:18:28:52 +0530] "POST /phpMyAdmin-4.8.3-all-languages/phpmyadmin/navigation.php?ajax_request=1 HTTP/1.1" 200 2047
::1 - - [29/Nov/2018:18:28:56 +0530] "GET /phpMyAdmin-4.8.3-all-languages/phpmyadmin/server_databases.php?ajax_request=true&ajax_page_request=true&_nocache=1543496336135912218&token=DCcM%5C%7CCQ%5E%26L%3Ao%7F-( HTTP/1.1" 200 6060
::1 - - [29/Nov/2018:18:28:58 +0530] "GET /phpMyAdmin-4.8.3-all-languages/phpmyadmin/server_sql.php?ajax_request=true&ajax_page_request=true&_nocache=1543496338962530371&token=DCcM%5C%7CCQ%5E%26L%3Ao%7F-( HTTP/1.1" 200 4153
::1 - - [29/Nov/2018:18:29:03 +0530] "POST /phpMyAdmin-4.8.3-all-languages/phpmyadmin/db_sql_autocomplete.php HTTP/1.1" 200 1394
::1 - - [29/Nov/2018:18:29:04 +0530] "POST /phpMyAdmin-4.8.3-all-languages/phpmyadmin/lint.php HTTP/1.1" 200 143
::1 - - [29/Nov/2018:18:29:10 +0530] "POST /phpMyAdmin-4.8.3-all-languages/phpmyadmin/lint.php HTTP/1.1" 200 140
::1 - - [29/Nov/2018:18:29:11 +0530] "POST /phpMyAdmin-4.8.3-all-languages/phpmyadmin/lint.php HTTP/1.1" 200 140
::1 - - [29/Nov/2018:18:29:12 +0530] "POST /phpMyAdmin-4.8.3-all-languages/phpmyadmin/lint.php HTTP/1.1" 200 28
::1 - - [29/Nov/2018:18:29:13 +0530] "POST /phpMyAdmin-4.8.3-all-languages/phpmyadmin/lint.php HTTP/1.1" 200 181
::1 - - [29/Nov/2018:18:29:13 +0530] "POST /phpMyAdmin-4.8.3-all-languages/phpmyadmin/lint.php HTTP/1.1" 200 176
::1 - - [29/Nov/2018:18:29:14 +0530] "POST /phpMyAdmin-4.8.3-all-languages/phpmyadmin/lint.php HTTP/1.1" 200 196
::1 - - [29/Nov/2018:18:29:16 +0530] "POST /phpMyAdmin-4.8.3-all-languages/phpmyadmin/lint.php HTTP/1.1" 200 196
::1 - - [29/Nov/2018:18:29:17 +0530] "POST /phpMyAdmin-4.8.3-all-languages/phpmyadmin/lint.php HTTP/1.1" 200 196
::1 - - [29/Nov/2018:18:29:21 +0530] "POST /phpMyAdmin-4.8.3-all-languages/phpmyadmin/lint.php HTTP/1.1" 200 192
::1 - - [29/Nov/2018:18:29:22 +0530] "POST /phpMyAdmin-4.8.3-all-languages/phpmyadmin/lint.php HTTP/1.1" 200 177
::1 - - [29/Nov/2018:18:29:33 +0530] "POST /phpMyAdmin-4.8.3-all-languages/phpmyadmin/lint.php HTTP/1.1" 200 159
::1 - - [29/Nov/2018:18:29:34 +0530] "POST /phpMyAdmin-4.8.3-all-languages/phpmyadmin/lint.php HTTP/1.1" 200 168
::1 - - [29/Nov/2018:18:29:38 +0530] "POST /phpMyAdmin-4.8.3-all-languages/phpmyadmin/lint.php HTTP/1.1" 200 170
::1 - - [29/Nov/2018:18:29:39 +0530] "POST /phpMyAdmin-4.8.3-all-languages/phpmyadmin/lint.php HTTP/1.1" 200 166
::1 - - [29/Nov/2018:18:29:44 +0530] "POST /phpMyAdmin-4.8.3-all-languages/phpmyadmin/lint.php HTTP/1.1" 200 174
::1 - - [29/Nov/2018:18:29:46 +0530] "POST /phpMyAdmin-4.8.3-all-languages/phpmyadmin/lint.php HTTP/1.1" 200 167
::1 - - [29/Nov/2018:18:29:50 +0530] "POST /phpMyAdmin-4.8.3-all-languages/phpmyadmin/lint.php HTTP/1.1" 200 168
::1 - - [29/Nov/2018:18:29:52 +0530] "POST /phpMyAdmin-4.8.3-all-languages/phpmyadmin/lint.php HTTP/1.1" 200 167
::1 - - [29/Nov/2018:18:30:03 +0530] "POST /phpMyAdmin-4.8.3-all-languages/phpmyadmin/lint.php HTTP/1.1" 200 166
::1 - - [29/Nov/2018:18:30:05 +0530] "POST /phpMyAdmin-4.8.3-all-languages/phpmyadmin/lint.php HTTP/1.1" 200 170
::1 - - [29/Nov/2018:18:30:06 +0530] "POST /phpMyAdmin-4.8.3-all-languages/phpmyadmin/lint.php HTTP/1.1" 200 171
::1 - - [29/Nov/2018:18:30:07 +0530] "POST /phpMyAdmin-4.8.3-all-languages/phpmyadmin/lint.php HTTP/1.1" 200 168
::1 - - [29/Nov/2018:18:30:08 +0530] "POST /phpMyAdmin-4.8.3-all-languages/phpmyadmin/lint.php HTTP/1.1" 200 166
::1 - - [29/Nov/2018:18:30:10 +0530] "POST /phpMyAdmin-4.8.3-all-languages/phpmyadmin/lint.php HTTP/1.1" 200 168
::1 - - [29/Nov/2018:18:30:12 +0530] "POST /phpMyAdmin-4.8.3-all-languages/phpmyadmin/lint.php HTTP/1.1" 200 166
::1 - - [29/Nov/2018:18:30:13 +0530] "POST /phpMyAdmin-4.8.3-all-languages/phpmyadmin/lint.php HTTP/1.1" 200 168
::1 - - [29/Nov/2018:18:30:15 +0530] "POST /phpMyAdmin-4.8.3-all-languages/phpmyadmin/lint.php HTTP/1.1" 200 167
::1 - - [29/Nov/2018:18:30:16 +0530] "POST /phpMyAdmin-4.8.3-all-languages/phpmyadmin/lint.php HTTP/1.1" 200 166
::1 - - [29/Nov/2018:18:30:25 +0530] "POST /phpMyAdmin-4.8.3-all-languages/phpmyadmin/lint.php HTTP/1.1" 200 166
::1 - - [29/Nov/2018:18:30:27 +0530] "POST /phpMyAdmin-4.8.3-all-languages/phpmyadmin/lint.php HTTP/1.1" 200 169
::1 - - [29/Nov/2018:18:30:28 +0530] "POST /phpMyAdmin-4.8.3-all-languages/phpmyadmin/lint.php HTTP/1.1" 200 166
::1 - - [29/Nov/2018:18:30:30 +0530] "POST /phpMyAdmin-4.8.3-all-languages/phpmyadmin/lint.php HTTP/1.1" 200 168
::1 - - [29/Nov/2018:18:30:31 +0530] "POST /phpMyAdmin-4.8.3-all-languages/phpmyadmin/lint.php HTTP/1.1" 200 169
::1 - - [29/Nov/2018:18:31:09 +0530] "POST /phpMyAdmin-4.8.3-all-languages/phpmyadmin/lint.php HTTP/1.1" 200 166
::1 - - [29/Nov/2018:18:31:10 +0530] "POST /phpMyAdmin-4.8.3-all-languages/phpmyadmin/lint.php HTTP/1.1" 200 168
::1 - - [29/Nov/2018:18:31:15 +0530] "POST /phpMyAdmin-4.8.3-all-languages/phpmyadmin/lint.php HTTP/1.1" 200 168
::1 - - [29/Nov/2018:18:31:16 +0530] "POST /phpMyAdmin-4.8.3-all-languages/phpmyadmin/lint.php HTTP/1.1" 200 169
::1 - - [29/Nov/2018:18:31:18 +0530] "POST /phpMyAdmin-4.8.3-all-languages/phpmyadmin/lint.php HTTP/1.1" 200 171
::1 - - [29/Nov/2018:18:31:19 +0530] "POST /phpMyAdmin-4.8.3-all-languages/phpmyadmin/lint.php HTTP/1.1" 200 168
::1 - - [29/Nov/2018:18:31:24 +0530] "POST /phpMyAdmin-4.8.3-all-languages/phpmyadmin/lint.php HTTP/1.1" 200 167
::1 - - [29/Nov/2018:18:31:25 +0530] "POST /phpMyAdmin-4.8.3-all-languages/phpmyadmin/lint.php HTTP/1.1" 200 171
::1 - - [29/Nov/2018:18:31:28 +0530] "POST /phpMyAdmin-4.8.3-all-languages/phpmyadmin/lint.php HTTP/1.1" 200 181
::1 - - [29/Nov/2018:18:31:30 +0530] "POST /phpMyAdmin-4.8.3-all-languages/phpmyadmin/lint.php HTTP/1.1" 200 171
::1 - - [29/Nov/2018:18:31:31 +0530] "POST /phpMyAdmin-4.8.3-all-languages/phpmyadmin/lint.php HTTP/1.1" 200 177
::1 - - [29/Nov/2018:18:31:32 +0530] "POST /phpMyAdmin-4.8.3-all-languages/phpmyadmin/lint.php HTTP/1.1" 200 180
::1 - - [29/Nov/2018:18:31:33 +0530] "POST /phpMyAdmin-4.8.3-all-languages/phpmyadmin/lint.php HTTP/1.1" 200 194
::1 - - [29/Nov/2018:18:31:34 +0530] "POST /phpMyAdmin-4.8.3-all-languages/phpmyadmin/lint.php HTTP/1.1" 200 181
::1 - - [29/Nov/2018:18:31:35 +0530] "POST /phpMyAdmin-4.8.3-all-languages/phpmyadmin/lint.php HTTP/1.1" 200 192
::1 - - [29/Nov/2018:18:31:37 +0530] "POST /phpMyAdmin-4.8.3-all-languages/phpmyadmin/lint.php HTTP/1.1" 200 191
::1 - - [29/Nov/2018:18:31:41 +0530] "POST /phpMyAdmin-4.8.3-all-languages/phpmyadmin/lint.php HTTP/1.1" 200 194
::1 - - [29/Nov/2018:18:31:42 +0530] "POST /phpMyAdmin-4.8.3-all-languages/phpmyadmin/lint.php HTTP/1.1" 200 194
::1 - - [29/Nov/2018:18:31:43 +0530] "POST /phpMyAdmin-4.8.3-all-languages/phpmyadmin/lint.php HTTP/1.1" 200 194
::1 - - [29/Nov/2018:18:31:45 +0530] "POST /phpMyAdmin-4.8.3-all-languages/phpmyadmin/lint.php HTTP/1.1" 200 199
::1 - - [29/Nov/2018:18:31:47 +0530] "POST /phpMyAdmin-4.8.3-all-languages/phpmyadmin/lint.php HTTP/1.1" 200 199
::1 - - [29/Nov/2018:18:31:48 +0530] "POST /phpMyAdmin-4.8.3-all-languages/phpmyadmin/lint.php HTTP/1.1" 200 147
::1 - - [29/Nov/2018:18:31:49 +0530] "POST /phpMyAdmin-4.8.3-all-languages/phpmyadmin/lint.php HTTP/1.1" 200 147
::1 - - [29/Nov/2018:18:31:51 +0530] "POST /phpMyAdmin-4.8.3-all-languages/phpmyadmin/import.php HTTP/1.1" 200 473
::1 - - [29/Nov/2018:18:32:23 +0530] "GET /phpMyAdmin-4.8.3-all-languages/phpmyadmin/server_databases.php?ajax_request=true&ajax_page_request=true&_nocache=1543496543425957113&token=DCcM%5C%7CCQ%5E%26L%3Ao%7F-( HTTP/1.1" 200 6060
::1 - - [29/Nov/2018:18:32:24 +0530] "GET /phpMyAdmin-4.8.3-all-languages/phpmyadmin/db_structure.php?db=nikhil&ajax_request=true&ajax_page_request=true&_nocache=15434965449129165&token=DCcM%5C%7CCQ%5E%26L%3Ao%7F-( HTTP/1.1" 200 2722
::1 - - [29/Nov/2018:18:32:25 +0530] "GET /phpMyAdmin-4.8.3-all-languages/phpmyadmin/themes/pmahomme/img/b_relations.png HTTP/1.1" 200 140
::1 - - [29/Nov/2018:18:32:25 +0530] "GET /phpMyAdmin-4.8.3-all-languages/phpmyadmin/themes/pmahomme/img/b_events.png HTTP/1.1" 200 703
::1 - - [29/Nov/2018:18:32:25 +0530] "GET /phpMyAdmin-4.8.3-all-languages/phpmyadmin/themes/pmahomme/img/b_routines.png HTTP/1.1" 200 306
::1 - - [29/Nov/2018:18:32:25 +0530] "GET /phpMyAdmin-4.8.3-all-languages/phpmyadmin/themes/pmahomme/img/b_triggers.png HTTP/1.1" 200 446
::1 - - [29/Nov/2018:18:32:25 +0530] "GET /phpMyAdmin-4.8.3-all-languages/phpmyadmin/themes/pmahomme/img/b_search.png HTTP/1.1" 200 538
::1 - - [29/Nov/2018:18:32:25 +0530] "GET /phpMyAdmin-4.8.3-all-languages/phpmyadmin/themes/pmahomme/img/b_props.png HTTP/1.1" 200 573
::1 - - [29/Nov/2018:18:32:25 +0530] "GET /phpMyAdmin-4.8.3-all-languages/phpmyadmin/themes/pmahomme/img/b_table_add.png HTTP/1.1" 200 571
::1 - - [29/Nov/2018:18:32:25 +0530] "GET /phpMyAdmin-4.8.3-all-languages/phpmyadmin/js/tbl_change.js?v=4.8.3 HTTP/1.1" 200 29050
::1 - - [29/Nov/2018:18:32:25 +0530] "GET /phpMyAdmin-4.8.3-all-languages/phpmyadmin/js/db_structure.js?v=4.8.3 HTTP/1.1" 200 15803
::1 - - [29/Nov/2018:18:32:25 +0530] "GET /phpMyAdmin-4.8.3-all-languages/phpmyadmin/navigation.php?ajax_request=1&aPath=cm9vdA%3D%3D.bmlraGls&vPath=cm9vdA%3D%3D.bmlraGls&pos=0&pos2_name=&pos2_value=&searchClause=&searchClause2=&_nocache=1543496545248839109&token=DCcM%5C%7CCQ%5E%26L%3Ao%7F-( HTTP/1.1" 200 1414
::1 - - [29/Nov/2018:18:32:25 +0530] "GET /phpMyAdmin-4.8.3-all-languages/phpmyadmin/themes/pmahomme/img/b_minus.png HTTP/1.1" 200 123
::1 - - [29/Nov/2018:18:32:26 +0530] "GET /phpMyAdmin-4.8.3-all-languages/phpmyadmin/db_sql.php?db=nikhil&ajax_request=true&ajax_page_request=true&_nocache=1543496546738118756&token=DCcM%5C%7CCQ%5E%26L%3Ao%7F-( HTTP/1.1" 200 4237
::1 - - [29/Nov/2018:18:32:43 +0530] "POST /phpMyAdmin-4.8.3-all-languages/phpmyadmin/db_sql_autocomplete.php HTTP/1.1" 200 1467
::1 - - [29/Nov/2018:18:32:45 +0530] "POST /phpMyAdmin-4.8.3-all-languages/phpmyadmin/lint.php HTTP/1.1" 200 140
::1 - - [29/Nov/2018:18:32:48 +0530] "POST /phpMyAdmin-4.8.3-all-languages/phpmyadmin/lint.php HTTP/1.1" 200 28
::1 - - [29/Nov/2018:18:32:49 +0530] "POST /phpMyAdmin-4.8.3-all-languages/phpmyadmin/lint.php HTTP/1.1" 200 28
::1 - - [29/Nov/2018:18:32:50 +0530] "POST /phpMyAdmin-4.8.3-all-languages/phpmyadmin/lint.php HTTP/1.1" 200 179
::1 - - [29/Nov/2018:18:32:51 +0530] "POST /phpMyAdmin-4.8.3-all-languages/phpmyadmin/lint.php HTTP/1.1" 200 181
::1 - - [29/Nov/2018:18:32:52 +0530] "POST /phpMyAdmin-4.8.3-all-languages/phpmyadmin/lint.php HTTP/1.1" 200 28
::1 - - [29/Nov/2018:18:32:54 +0530] "POST /phpMyAdmin-4.8.3-all-languages/phpmyadmin/lint.php HTTP/1.1" 200 196
::1 - - [29/Nov/2018:18:32:57 +0530] "POST /phpMyAdmin-4.8.3-all-languages/phpmyadmin/lint.php HTTP/1.1" 200 196
::1 - - [29/Nov/2018:18:33:00 +0530] "POST /phpMyAdmin-4.8.3-all-languages/phpmyadmin/lint.php HTTP/1.1" 200 196
::1 - - [29/Nov/2018:18:33:01 +0530] "POST /phpMyAdmin-4.8.3-all-languages/phpmyadmin/lint.php HTTP/1.1" 200 234
::1 - - [29/Nov/2018:18:33:02 +0530] "POST /phpMyAdmin-4.8.3-all-languages/phpmyadmin/lint.php HTTP/1.1" 200 247
::1 - - [29/Nov/2018:18:33:03 +0530] "POST /phpMyAdmin-4.8.3-all-languages/phpmyadmin/lint.php HTTP/1.1" 200 264
::1 - - [29/Nov/2018:18:33:05 +0530] "POST /phpMyAdmin-4.8.3-all-languages/phpmyadmin/lint.php HTTP/1.1" 200 264
::1 - - [29/Nov/2018:18:33:06 +0530] "POST /phpMyAdmin-4.8.3-all-languages/phpmyadmin/lint.php HTTP/1.1" 200 269
::1 - - [29/Nov/2018:18:33:08 +0530] "POST /phpMyAdmin-4.8.3-all-languages/phpmyadmin/lint.php HTTP/1.1" 200 269
::1 - - [29/Nov/2018:18:33:09 +0530] "POST /phpMyAdmin-4.8.3-all-languages/phpmyadmin/lint.php HTTP/1.1" 200 269
::1 - - [29/Nov/2018:18:33:09 +0530] "POST /phpMyAdmin-4.8.3-all-languages/phpmyadmin/lint.php HTTP/1.1" 200 269
::1 - - [29/Nov/2018:18:33:10 +0530] "POST /phpMyAdmin-4.8.3-all-languages/phpmyadmin/lint.php HTTP/1.1" 200 269
::1 - - [29/Nov/2018:18:33:11 +0530] "POST /phpMyAdmin-4.8.3-all-languages/phpmyadmin/lint.php HTTP/1.1" 200 269
::1 - - [29/Nov/2018:18:33:12 +0530] "POST /phpMyAdmin-4.8.3-all-languages/phpmyadmin/lint.php HTTP/1.1" 200 269
::1 - - [29/Nov/2018:18:33:15 +0530] "POST /phpMyAdmin-4.8.3-all-languages/phpmyadmin/lint.php HTTP/1.1" 200 269
::1 - - [29/Nov/2018:18:33:16 +0530] "POST /phpMyAdmin-4.8.3-all-languages/phpmyadmin/lint.php HTTP/1.1" 200 269
::1 - - [29/Nov/2018:18:33:17 +0530] "POST /phpMyAdmin-4.8.3-all-languages/phpmyadmin/lint.php HTTP/1.1" 200 269
::1 - - [29/Nov/2018:18:33:18 +0530] "POST /phpMyAdmin-4.8.3-all-languages/phpmyadmin/import.php HTTP/1.1" 200 645
::1 - - [29/Nov/2018:18:33:33 +0530] "POST /phpMyAdmin-4.8.3-all-languages/phpmyadmin/lint.php HTTP/1.1" 200 269
::1 - - [29/Nov/2018:18:33:34 +0530] "POST /phpMyAdmin-4.8.3-all-languages/phpmyadmin/lint.php HTTP/1.1" 200 269
::1 - - [29/Nov/2018:18:33:35 +0530] "POST /phpMyAdmin-4.8.3-all-languages/phpmyadmin/lint.php HTTP/1.1" 200 269
::1 - - [29/Nov/2018:18:33:36 +0530] "POST /phpMyAdmin-4.8.3-all-languages/phpmyadmin/lint.php HTTP/1.1" 200 269
::1 - - [29/Nov/2018:18:33:40 +0530] "POST /phpMyAdmin-4.8.3-all-languages/phpmyadmin/lint.php HTTP/1.1" 200 269
::1 - - [29/Nov/2018:18:33:41 +0530] "POST /phpMyAdmin-4.8.3-all-languages/phpmyadmin/lint.php HTTP/1.1" 200 269
::1 - - [29/Nov/2018:18:33:43 +0530] "POST /phpMyAdmin-4.8.3-all-languages/phpmyadmin/lint.php HTTP/1.1" 200 269
::1 - - [29/Nov/2018:18:33:47 +0530] "POST /phpMyAdmin-4.8.3-all-languages/phpmyadmin/lint.php HTTP/1.1" 200 269
::1 - - [29/Nov/2018:18:33:51 +0530] "POST /phpMyAdmin-4.8.3-all-languages/phpmyadmin/lint.php HTTP/1.1" 200 291
::1 - - [29/Nov/2018:18:33:52 +0530] "POST /phpMyAdmin-4.8.3-all-languages/phpmyadmin/lint.php HTTP/1.1" 200 269
::1 - - [29/Nov/2018:18:33:53 +0530] "POST /phpMyAdmin-4.8.3-all-languages/phpmyadmin/import.php HTTP/1.1" 200 638
::1 - - [29/Nov/2018:18:34:15 +0530] "POST /phpMyAdmin-4.8.3-all-languages/phpmyadmin/lint.php HTTP/1.1" 200 193
::1 - - [29/Nov/2018:18:34:16 +0530] "POST /phpMyAdmin-4.8.3-all-languages/phpmyadmin/lint.php HTTP/1.1" 200 270
::1 - - [29/Nov/2018:18:34:18 +0530] "POST /phpMyAdmin-4.8.3-all-languages/phpmyadmin/lint.php HTTP/1.1" 200 193
::1 - - [29/Nov/2018:18:34:20 +0530] "POST /phpMyAdmin-4.8.3-all-languages/phpmyadmin/import.php HTTP/1.1" 200 574
::1 - - [29/Nov/2018:18:34:39 +0530] "POST /phpMyAdmin-4.8.3-all-languages/phpmyadmin/lint.php HTTP/1.1" 200 193
::1 - - [29/Nov/2018:18:34:39 +0530] "POST /phpMyAdmin-4.8.3-all-languages/phpmyadmin/import.php HTTP/1.1" 200 574
::1 - - [29/Nov/2018:18:55:16 +0530] "POST /phpMyAdmin-4.8.3-all-languages/phpmyadmin/lint.php HTTP/1.1" 200 147
::1 - - [29/Nov/2018:18:55:17 +0530] "POST /phpMyAdmin-4.8.3-all-languages/phpmyadmin/import.php HTTP/1.1" 200 535
::1 - - [29/Nov/2018:18:55:34 +0530] "POST /phpMyAdmin-4.8.3-all-languages/phpmyadmin/lint.php HTTP/1.1" 200 144
::1 - - [29/Nov/2018:18:55:35 +0530] "POST /phpMyAdmin-4.8.3-all-languages/phpmyadmin/lint.php HTTP/1.1" 200 147
::1 - - [29/Nov/2018:18:55:39 +0530] "POST /phpMyAdmin-4.8.3-all-languages/phpmyadmin/import.php HTTP/1.1" 200 535
::1 - - [29/Nov/2018:18:55:50 +0530] "POST /phpMyAdmin-4.8.3-all-languages/phpmyadmin/lint.php HTTP/1.1" 200 147
::1 - - [29/Nov/2018:18:55:51 +0530] "POST /phpMyAdmin-4.8.3-all-languages/phpmyadmin/import.php HTTP/1.1" 200 535
::1 - - [29/Nov/2018:18:56:21 +0530] "POST /phpMyAdmin-4.8.3-all-languages/phpmyadmin/index.php HTTP/1.1" 200 1463
::1 - - [29/Nov/2018:18:56:51 +0530] "POST /phpMyAdmin-4.8.3-all-languages/phpmyadmin/lint.php HTTP/1.1" 200 145
::1 - - [29/Nov/2018:18:56:53 +0530] "POST /phpMyAdmin-4.8.3-all-languages/phpmyadmin/import.php HTTP/1.1" 200 531
::1 - - [29/Nov/2018:18:56:57 +0530] "POST /phpMyAdmin-4.8.3-all-languages/phpmyadmin/lint.php HTTP/1.1" 200 168
::1 - - [29/Nov/2018:18:56:59 +0530] "POST /phpMyAdmin-4.8.3-all-languages/phpmyadmin/import.php HTTP/1.1" 200 548
::1 - - [29/Nov/2018:18:57:12 +0530] "POST /phpMyAdmin-4.8.3-all-languages/phpmyadmin/lint.php HTTP/1.1" 200 169
::1 - - [29/Nov/2018:18:57:14 +0530] "POST /phpMyAdmin-4.8.3-all-languages/phpmyadmin/lint.php HTTP/1.1" 200 168
::1 - - [29/Nov/2018:18:57:16 +0530] "POST /phpMyAdmin-4.8.3-all-languages/phpmyadmin/lint.php HTTP/1.1" 200 192
::1 - - [29/Nov/2018:18:57:17 +0530] "POST /phpMyAdmin-4.8.3-all-languages/phpmyadmin/lint.php HTTP/1.1" 200 199
::1 - - [29/Nov/2018:18:57:18 +0530] "POST /phpMyAdmin-4.8.3-all-languages/phpmyadmin/lint.php HTTP/1.1" 200 177
::1 - - [29/Nov/2018:18:57:19 +0530] "POST /phpMyAdmin-4.8.3-all-languages/phpmyadmin/lint.php HTTP/1.1" 200 177
::1 - - [29/Nov/2018:18:57:21 +0530] "POST /phpMyAdmin-4.8.3-all-languages/phpmyadmin/lint.php HTTP/1.1" 200 177
::1 - - [29/Nov/2018:18:57:23 +0530] "POST /phpMyAdmin-4.8.3-all-languages/phpmyadmin/lint.php HTTP/1.1" 200 177
::1 - - [29/Nov/2018:18:57:26 +0530] "POST /phpMyAdmin-4.8.3-all-languages/phpmyadmin/lint.php HTTP/1.1" 200 177
::1 - - [29/Nov/2018:18:57:26 +0530] "POST /phpMyAdmin-4.8.3-all-languages/phpmyadmin/lint.php HTTP/1.1" 200 177
::1 - - [29/Nov/2018:18:57:28 +0530] "POST /phpMyAdmin-4.8.3-all-languages/phpmyadmin/import.php HTTP/1.1" 200 573
::1 - - [29/Nov/2018:18:57:46 +0530] "GET /phpMyAdmin-4.8.3-all-languages/phpmyadmin/db_structure.php?db=nikhil&ajax_request=true&ajax_page_request=true&_nocache=1543498066301329959&token=DCcM%5C%7CCQ%5E%26L%3Ao%7F-( HTTP/1.1" 200 2722
::1 - - [29/Nov/2018:18:57:50 +0530] "GET /phpMyAdmin-4.8.3-all-languages/phpmyadmin/navigation.php?ajax_request=1&aPath=cm9vdA%3D%3D.bXlzcWw%3D&vPath=cm9vdA%3D%3D.bXlzcWw%3D&pos=0&pos2_name=&pos2_value=&searchClause=&searchClause2=&_nocache=1543498070117266032&token=DCcM%5C%7CCQ%5E%26L%3Ao%7F-( HTTP/1.1" 200 2995
::1 - - [29/Nov/2018:18:57:54 +0530] "GET /phpMyAdmin-4.8.3-all-languages/phpmyadmin/navigation.php?ajax_request=1&aPath=cm9vdA%3D%3D.aW5mb3JtYXRpb25fc2NoZW1h&vPath=cm9vdA%3D%3D.aW5mb3JtYXRpb25fc2NoZW1h&pos=0&pos2_name=&pos2_value=&searchClause=&searchClause2=&_nocache=154349807446722774&token=DCcM%5C%7CCQ%5E%26L%3Ao%7F-( HTTP/1.1" 200 3044
::1 - - [29/Nov/2018:18:57:54 +0530] "GET /phpMyAdmin-4.8.3-all-languages/phpmyadmin/themes/pmahomme/img/b_view_add.png HTTP/1.1" 200 678
::1 - - [29/Nov/2018:18:58:02 +0530] "GET /phpMyAdmin-4.8.3-all-languages/phpmyadmin/db_structure.php?db=nikhil&ajax_request=true&ajax_page_request=true&_nocache=1543498082291107325&token=DCcM%5C%7CCQ%5E%26L%3Ao%7F-( HTTP/1.1" 200 2722
::1 - - [29/Nov/2018:18:58:04 +0530] "GET /phpMyAdmin-4.8.3-all-languages/phpmyadmin/db_structure.php?db=nikhil&ajax_request=true&ajax_page_request=true&_nocache=1543498084289891650&token=DCcM%5C%7CCQ%5E%26L%3Ao%7F-( HTTP/1.1" 200 2722
::1 - - [29/Nov/2018:18:59:11 +0530] "GET /phpMyAdmin-4.8.3-all-languages/phpmyadmin/db_multi_table_query.php?db=nikhil&ajax_request=true&ajax_page_request=true&_nocache=1543498151817555872&token=DCcM%5C%7CCQ%5E%26L%3Ao%7F-( HTTP/1.1" 200 2873
::1 - - [29/Nov/2018:18:59:12 +0530] "GET /phpMyAdmin-4.8.3-all-languages/phpmyadmin/js/db_multi_table_query.js?v=4.8.3 HTTP/1.1" 200 10509
::1 - - [29/Nov/2018:18:59:12 +0530] "GET /phpMyAdmin-4.8.3-all-languages/phpmyadmin/js/vendor/jquery/jquery.md5.js?v=4.8.3 HTTP/1.1" 200 9574
::1 - - [29/Nov/2018:18:59:12 +0530] "GET /phpMyAdmin-4.8.3-all-languages/phpmyadmin/themes/pmahomme/jquery/images/ui-icons_222222_256x240.png HTTP/1.1" 200 3765
::1 - - [29/Nov/2018:18:59:16 +0530] "GET /phpMyAdmin-4.8.3-all-languages/phpmyadmin/db_operations.php?db=nikhil&ajax_request=true&ajax_page_request=true&_nocache=1543498156909465901&token=DCcM%5C%7CCQ%5E%26L%3Ao%7F-( HTTP/1.1" 200 5755
::1 - - [29/Nov/2018:18:59:17 +0530] "GET /phpMyAdmin-4.8.3-all-languages/phpmyadmin/themes/pmahomme/img/b_edit.png HTTP/1.1" 200 377
::1 - - [29/Nov/2018:18:59:17 +0530] "GET /phpMyAdmin-4.8.3-all-languages/phpmyadmin/js/db_operations.js?v=4.8.3 HTTP/1.1" 200 6359
::1 - - [29/Nov/2018:19:01:07 +0530] "POST /phpMyAdmin-4.8.3-all-languages/phpmyadmin/tbl_create.php HTTP/1.1" 200 23627
::1 - - [29/Nov/2018:19:01:08 +0530] "GET /phpMyAdmin-4.8.3-all-languages/phpmyadmin/themes/pmahomme/img/b_tblimport.png HTTP/1.1" 200 556
::1 - - [29/Nov/2018:19:01:08 +0530] "GET /phpMyAdmin-4.8.3-all-languages/phpmyadmin/themes/pmahomme/img/b_browse.png HTTP/1.1" 200 486
::1 - - [29/Nov/2018:19:01:08 +0530] "GET /phpMyAdmin-4.8.3-all-languages/phpmyadmin/themes/pmahomme/img/b_tblexport.png HTTP/1.1" 200 514
::1 - - [29/Nov/2018:19:01:08 +0530] "GET /phpMyAdmin-4.8.3-all-languages/phpmyadmin/themes/pmahomme/img/b_insrow.png HTTP/1.1" 200 157
::1 - - [29/Nov/2018:19:01:08 +0530] "GET /phpMyAdmin-4.8.3-all-languages/phpmyadmin/themes/pmahomme/img/s_tbl.png HTTP/1.1" 200 645
::1 - - [29/Nov/2018:19:01:08 +0530] "GET /phpMyAdmin-4.8.3-all-languages/phpmyadmin/index.php?ajax_request=1&recent_table=1&no_debug=true&_nocache=1543498268517251269&token=DCcM%5C%7CCQ%5E%26L%3Ao%7F-( HTTP/1.1" 200 1420
::1 - - [29/Nov/2018:19:01:17 +0530] "POST /phpMyAdmin-4.8.3-all-languages/phpmyadmin/tbl_create.php HTTP/1.1" 200 1606
::1 - - [29/Nov/2018:19:01:17 +0530] "GET /phpMyAdmin-4.8.3-all-languages/phpmyadmin/themes/pmahomme/jquery/images/ui-bg_glass_75_e6e6e6_1x400.png HTTP/1.1" 200 121
::1 - - [29/Nov/2018:19:01:17 +0530] "GET /phpMyAdmin-4.8.3-all-languages/phpmyadmin/themes/pmahomme/jquery/images/ui-bg_highlight-soft_75_cccccc_1x100.png HTTP/1.1" 200 122
::1 - - [29/Nov/2018:19:01:17 +0530] "GET /phpMyAdmin-4.8.3-all-languages/phpmyadmin/themes/pmahomme/jquery/images/ui-icons_888888_256x240.png HTTP/1.1" 200 3765
::1 - - [29/Nov/2018:19:01:17 +0530] "GET /phpMyAdmin-4.8.3-all-languages/phpmyadmin/themes/pmahomme/jquery/images/ui-bg_glass_75_dadada_1x400.png HTTP/1.1" 200 126
::1 - - [29/Nov/2018:19:02:13 +0530] "GET /phpMyAdmin-4.8.3-all-languages/phpmyadmin/themes/pmahomme/jquery/images/ui-bg_glass_65_ffffff_1x400.png HTTP/1.1" 200 73
::1 - - [29/Nov/2018:19:03:33 +0530] "POST /phpMyAdmin-4.8.3-all-languages/phpmyadmin/tbl_create.php HTTP/1.1" 200 1644
::1 - - [29/Nov/2018:19:03:41 +0530] "POST /phpMyAdmin-4.8.3-all-languages/phpmyadmin/tbl_structure.php HTTP/1.1" 200 1527
::1 - - [29/Nov/2018:19:03:44 +0530] "POST /phpMyAdmin-4.8.3-all-languages/phpmyadmin/tbl_create.php HTTP/1.1" 200 1599
::1 - - [29/Nov/2018:19:03:44 +0530] "GET /phpMyAdmin-4.8.3-all-languages/phpmyadmin/tbl_structure.php?server=1&db=nikhil&token=DCcM\\|CQ^&L:o%7F-(&goto=db_structure.php&table=harshith&ajax_request=true&ajax_page_request=true&_nocache=1543498424462161608&token=DCcM%5C%7CCQ%5E%26L%3Ao%7F-( HTTP/1.1" 200 6727
::1 - - [29/Nov/2018:19:03:45 +0530] "GET /phpMyAdmin-4.8.3-all-languages/phpmyadmin/themes/pmahomme/img/normalize.png HTTP/1.1" 200 505
::1 - - [29/Nov/2018:19:03:45 +0530] "GET /phpMyAdmin-4.8.3-all-languages/phpmyadmin/themes/pmahomme/img/b_tblanalyse.png HTTP/1.1" 200 152
::1 - - [29/Nov/2018:19:03:45 +0530] "GET /phpMyAdmin-4.8.3-all-languages/phpmyadmin/themes/pmahomme/img/b_move.png HTTP/1.1" 200 381
::1 - - [29/Nov/2018:19:03:45 +0530] "GET /phpMyAdmin-4.8.3-all-languages/phpmyadmin/themes/pmahomme/img/b_print.png HTTP/1.1" 200 639
::1 - - [29/Nov/2018:19:03:45 +0530] "GET /phpMyAdmin-4.8.3-all-languages/phpmyadmin/themes/pmahomme/img/b_ftext.png HTTP/1.1" 200 550
::1 - - [29/Nov/2018:19:03:45 +0530] "GET /phpMyAdmin-4.8.3-all-languages/phpmyadmin/themes/pmahomme/img/b_index.png HTTP/1.1" 200 643
::1 - - [29/Nov/2018:19:03:45 +0530] "GET /phpMyAdmin-4.8.3-all-languages/phpmyadmin/themes/pmahomme/img/b_unique.png HTTP/1.1" 200 583
::1 - - [29/Nov/2018:19:03:45 +0530] "GET /phpMyAdmin-4.8.3-all-languages/phpmyadmin/themes/pmahomme/img/b_primary.png HTTP/1.1" 200 536
::1 - - [29/Nov/2018:19:03:45 +0530] "GET /phpMyAdmin-4.8.3-all-languages/phpmyadmin/themes/pmahomme/img/b_drop.png HTTP/1.1" 200 637
::1 - - [29/Nov/2018:19:03:45 +0530] "GET /phpMyAdmin-4.8.3-all-languages/phpmyadmin/js/tbl_structure.js?v=4.8.3 HTTP/1.1" 200 19834
::1 - - [29/Nov/2018:19:03:44 +0530] "GET /phpMyAdmin-4.8.3-all-languages/phpmyadmin/db_structure.php?server=1&db=nikhil&table=harshith&ajax_request=true&ajax_page_request=true&_nocache=1543498424457470394&token=DCcM%5C%7CCQ%5E%26L%3Ao%7F-( HTTP/1.1" 200 4608
::1 - - [29/Nov/2018:19:03:45 +0530] "GET /phpMyAdmin-4.8.3-all-languages/phpmyadmin/themes/pmahomme/img/bd_empty.png HTTP/1.1" 200 327
::1 - - [29/Nov/2018:19:03:45 +0530] "GET /phpMyAdmin-4.8.3-all-languages/phpmyadmin/themes/pmahomme/img/bd_browse.png HTTP/1.1" 200 271
::1 - - [29/Nov/2018:19:03:45 +0530] "GET /phpMyAdmin-4.8.3-all-languages/phpmyadmin/themes/pmahomme/img/bd_select.png HTTP/1.1" 200 325
::1 - - [29/Nov/2018:19:03:45 +0530] "GET /phpMyAdmin-4.8.3-all-languages/phpmyadmin/themes/pmahomme/img/b_no_favorite.png HTTP/1.1" 200 377
::1 - - [29/Nov/2018:19:03:45 +0530] "GET /phpMyAdmin-4.8.3-all-languages/phpmyadmin/themes/pmahomme/img/s_desc.png HTTP/1.1" 200 146
::1 - - [29/Nov/2018:19:03:44 +0530] "POST /phpMyAdmin-4.8.3-all-languages/phpmyadmin/navigation.php?ajax_request=1 HTTP/1.1" 200 2286
::1 - - [29/Nov/2018:19:03:45 +0530] "GET /phpMyAdmin-4.8.3-all-languages/phpmyadmin/index.php?ajax_request=1&recent_table=1&no_debug=true&_nocache=1543498425088879412&token=DCcM%5C%7CCQ%5E%26L%3Ao%7F-( HTTP/1.1" 200 1450
::1 - - [29/Nov/2018:19:03:45 +0530] "GET /phpMyAdmin-4.8.3-all-languages/phpmyadmin/index.php?ajax_request=1&recent_table=1&no_debug=true&_nocache=1543498425542280285&token=DCcM%5C%7CCQ%5E%26L%3Ao%7F-( HTTP/1.1" 200 1450
::1 - - [29/Nov/2018:19:04:20 +0530] "GET /phpMyAdmin-4.8.3-all-languages/phpmyadmin/sql.php?db=nikhil&table=harshith&pos=0&ajax_request=true&ajax_page_request=true&_nocache=1543498460878566550&token=DCcM%5C%7CCQ%5E%26L%3Ao%7F-( HTTP/1.1" 200 4544
::1 - - [29/Nov/2018:19:04:21 +0530] "GET /phpMyAdmin-4.8.3-all-languages/phpmyadmin/js/gis_data_editor.js?v=4.8.3 HTTP/1.1" 200 14721
::1 - - [29/Nov/2018:19:04:21 +0530] "GET /phpMyAdmin-4.8.3-all-languages/phpmyadmin/js/multi_column_sort.js?v=4.8.3 HTTP/1.1" 200 3284
::1 - - [29/Nov/2018:19:04:21 +0530] "GET /phpMyAdmin-4.8.3-all-languages/phpmyadmin/index.php?ajax_request=1&recent_table=1&no_debug=true&_nocache=1543498461322637732&token=DCcM%5C%7CCQ%5E%26L%3Ao%7F-( HTTP/1.1" 200 1450
::1 - - [29/Nov/2018:19:04:34 +0530] "GET /phpMyAdmin-4.8.3-all-languages/phpmyadmin/tbl_operations.php?db=nikhil&table=harshith&ajax_request=true&ajax_page_request=true&_nocache=1543498474350768931&token=DCcM%5C%7CCQ%5E%26L%3Ao%7F-( HTTP/1.1" 200 6497
::1 - - [29/Nov/2018:19:04:34 +0530] "GET /phpMyAdmin-4.8.3-all-languages/phpmyadmin/js/tbl_operations.js?v=4.8.3 HTTP/1.1" 200 14217
::1 - - [29/Nov/2018:19:04:34 +0530] "GET /phpMyAdmin-4.8.3-all-languages/phpmyadmin/index.php?ajax_request=1&recent_table=1&no_debug=true&_nocache=1543498474795178922&token=DCcM%5C%7CCQ%5E%26L%3Ao%7F-( HTTP/1.1" 200 1450
::1 - - [29/Nov/2018:19:04:41 +0530] "POST /phpMyAdmin-4.8.3-all-languages/phpmyadmin/ajax.php HTTP/1.1" 200 1392
::1 - - [29/Nov/2018:19:15:42 +0530] "GET /phpMyAdmin-4.8.3-all-languages/phpmyadmin/sql.php?db=nikhil&table=harshith&pos=0&ajax_request=true&ajax_page_request=true&_nocache=1543499142612713908&token=DCcM%5C%7CCQ%5E%26L%3Ao%7F-( HTTP/1.1" 200 4543
::1 - - [29/Nov/2018:19:15:42 +0530] "GET /phpMyAdmin-4.8.3-all-languages/phpmyadmin/index.php?ajax_request=1&recent_table=1&no_debug=true&_nocache=1543499142926845629&token=DCcM%5C%7CCQ%5E%26L%3Ao%7F-( HTTP/1.1" 200 1450
::1 - - [29/Nov/2018:19:15:47 +0530] "GET /phpMyAdmin-4.8.3-all-languages/phpmyadmin/tbl_operations.php?db=nikhil&table=harshith&ajax_request=true&ajax_page_request=true&_nocache=154349914792132594&token=DCcM%5C%7CCQ%5E%26L%3Ao%7F-( HTTP/1.1" 200 6497
::1 - - [29/Nov/2018:19:15:48 +0530] "GET /phpMyAdmin-4.8.3-all-languages/phpmyadmin/index.php?ajax_request=1&recent_table=1&no_debug=true&_nocache=1543499148187857949&token=DCcM%5C%7CCQ%5E%26L%3Ao%7F-( HTTP/1.1" 200 1450
::1 - - [29/Nov/2018:19:15:53 +0530] "GET /phpMyAdmin-4.8.3-all-languages/phpmyadmin/themes/pmahomme/img/s_unlink.png HTTP/1.1" 200 589
::1 - - [29/Nov/2018:19:15:56 +0530] "GET /phpMyAdmin-4.8.3-all-languages/phpmyadmin/server_databases.php?server=1&ajax_request=true&ajax_page_request=true&_nocache=1543499156050315287&token=DCcM%5C%7CCQ%5E%26L%3Ao%7F-( HTTP/1.1" 200 6060
::1 - - [29/Nov/2018:19:16:52 +0530] "POST /phpMyAdmin-4.8.3-all-languages/phpmyadmin/server_databases.php HTTP/1.1" 200 1798
::1 - - [29/Nov/2018:19:16:52 +0530] "POST /phpMyAdmin-4.8.3-all-languages/phpmyadmin/navigation.php?ajax_request=1 HTTP/1.1" 200 2323
::1 - - [29/Nov/2018:19:16:52 +0530] "GET /phpMyAdmin-4.8.3-all-languages/phpmyadmin/db_structure.php?db=youtube&ajax_request=true&ajax_page_request=true&_nocache=154349921279334829&token=DCcM%5C%7CCQ%5E%26L%3Ao%7F-( HTTP/1.1" 200 2724
::1 - - [29/Nov/2018:19:16:53 +0530] "GET /phpMyAdmin-4.8.3-all-languages/phpmyadmin/navigation.php?ajax_request=1&aPath=cm9vdA%3D%3D.eW91dHViZQ%3D%3D&vPath=cm9vdA%3D%3D.eW91dHViZQ%3D%3D&pos=0&pos2_name=&pos2_value=&searchClause=&searchClause2=&_nocache=1543499213224290715&token=DCcM%5C%7CCQ%5E%26L%3Ao%7F-( HTTP/1.1" 200 1414
::1 - - [29/Nov/2018:19:17:27 +0530] "POST /phpMyAdmin-4.8.3-all-languages/phpmyadmin/tbl_create.php HTTP/1.1" 200 18908
::1 - - [29/Nov/2018:19:17:27 +0530] "GET /phpMyAdmin-4.8.3-all-languages/phpmyadmin/index.php?ajax_request=1&recent_table=1&no_debug=true&_nocache=1543499247606647178&token=DCcM%5C%7CCQ%5E%26L%3Ao%7F-( HTTP/1.1" 200 1450
::1 - - [29/Nov/2018:19:19:00 +0530] "POST /phpMyAdmin-4.8.3-all-languages/phpmyadmin/tbl_create.php HTTP/1.1" 200 1660
::1 - - [29/Nov/2018:19:19:29 +0530] "POST /phpMyAdmin-4.8.3-all-languages/phpmyadmin/tbl_structure.php HTTP/1.1" 200 95
::1 - - [29/Nov/2018:19:19:30 +0530] "POST /phpMyAdmin-4.8.3-all-languages/phpmyadmin/tbl_create.php HTTP/1.1" 200 1624
::1 - - [29/Nov/2018:19:19:30 +0530] "GET /phpMyAdmin-4.8.3-all-languages/phpmyadmin/db_structure.php?server=1&db=youtube&table=account&ajax_request=true&ajax_page_request=true&_nocache=1543499370288481372&token=DCcM%5C%7CCQ%5E%26L%3Ao%7F-( HTTP/1.1" 200 4608
::1 - - [29/Nov/2018:19:19:30 +0530] "GET /phpMyAdmin-4.8.3-all-languages/phpmyadmin/tbl_structure.php?server=1&db=youtube&token=DCcM\\|CQ^&L:o%7F-(&goto=db_structure.php&table=account&ajax_request=true&ajax_page_request=true&_nocache=1543499370294397869&token=DCcM%5C%7CCQ%5E%26L%3Ao%7F-( HTTP/1.1" 200 6613
::1 - - [29/Nov/2018:19:19:30 +0530] "POST /phpMyAdmin-4.8.3-all-languages/phpmyadmin/navigation.php?ajax_request=1 HTTP/1.1" 200 2408
::1 - - [29/Nov/2018:19:19:30 +0530] "GET /phpMyAdmin-4.8.3-all-languages/phpmyadmin/index.php?ajax_request=1&recent_table=1&no_debug=true&_nocache=1543499370619995536&token=DCcM%5C%7CCQ%5E%26L%3Ao%7F-( HTTP/1.1" 200 1471
::1 - - [29/Nov/2018:19:19:30 +0530] "GET /phpMyAdmin-4.8.3-all-languages/phpmyadmin/index.php?ajax_request=1&recent_table=1&no_debug=true&_nocache=1543499370967757257&token=DCcM%5C%7CCQ%5E%26L%3Ao%7F-( HTTP/1.1" 200 1471
::1 - - [29/Nov/2018:19:29:26 +0530] "GET /phpMyAdmin-4.8.3-all-languages/phpmyadmin/sql.php?server=1&db=youtube&table=account&pos=0&ajax_request=true&ajax_page_request=true&_nocache=154349996641627820&token=DCcM%5C%7CCQ%5E%26L%3Ao%7F-( HTTP/1.1" 200 4536
::1 - - [29/Nov/2018:19:29:26 +0530] "GET /phpMyAdmin-4.8.3-all-languages/phpmyadmin/index.php?ajax_request=1&recent_table=1&no_debug=true&_nocache=1543499966758992518&token=DCcM%5C%7CCQ%5E%26L%3Ao%7F-( HTTP/1.1" 200 1471
::1 - - [29/Nov/2018:19:29:31 +0530] "GET /phpMyAdmin-4.8.3-all-languages/phpmyadmin/navigation.php?ajax_request=1&aPath=cm9vdA%3D%3D.eW91dHViZQ%3D%3D.dGFibGVz.YWNjb3VudA%3D%3D&vPath=cm9vdA%3D%3D.eW91dHViZQ%3D%3D.VGFibGVz.YWNjb3VudA%3D%3D&pos=0&pos2_name=tables&pos2_value=0&searchClause=&searchClause2=&_nocache=1543499971084369814&token=DCcM%5C%7CCQ%5E%26L%3Ao%7F-( HTTP/1.1" 200 1791
::1 - - [29/Nov/2018:19:29:31 +0530] "GET /phpMyAdmin-4.8.3-all-languages/phpmyadmin/themes/pmahomme/img/pause.png HTTP/1.1" 200 255
::1 - - [29/Nov/2018:19:29:32 +0530] "GET /phpMyAdmin-4.8.3-all-languages/phpmyadmin/tbl_structure.php?server=1&db=youtube&table=account&ajax_request=true&ajax_page_request=true&_nocache=1543499972433994819&token=DCcM%5C%7CCQ%5E%26L%3Ao%7F-( HTTP/1.1" 200 6613
::1 - - [29/Nov/2018:19:29:32 +0530] "GET /phpMyAdmin-4.8.3-all-languages/phpmyadmin/index.php?ajax_request=1&recent_table=1&no_debug=true&_nocache=1543499972818470855&token=DCcM%5C%7CCQ%5E%26L%3Ao%7F-( HTTP/1.1" 200 1471
::1 - - [29/Nov/2018:19:29:34 +0530] "GET /phpMyAdmin-4.8.3-all-languages/phpmyadmin/navigation.php?ajax_request=1&aPath=cm9vdA%3D%3D.eW91dHViZQ%3D%3D.dGFibGVz.YWNjb3VudA%3D%3D.Y29sdW1ucw%3D%3D&vPath=cm9vdA%3D%3D.eW91dHViZQ%3D%3D.VGFibGVz.YWNjb3VudA%3D%3D.Q29sdW1ucw%3D%3D&pos=0&pos2_name=tables&pos2_value=0&searchClause=&searchClause2=&_nocache=1543499974677956598&token=DCcM%5C%7CCQ%5E%26L%3Ao%7F-( HTTP/1.1" 200 1700
::1 - - [29/Nov/2018:19:29:34 +0530] "GET /phpMyAdmin-4.8.3-all-languages/phpmyadmin/themes/pmahomme/img/b_column_add.png HTTP/1.1" 200 431
::1 - - [29/Nov/2018:19:47:06 +0530] "GET / HTTP/1.1" 200 337
::1 - - [29/Nov/2018:19:47:08 +0530] "GET /info.php HTTP/1.1" 200 88904
::1 - - [29/Nov/2018:19:47:15 +0530] "GET /index.html HTTP/1.1" 200 46
::1 - - [29/Nov/2018:19:48:08 +0530] "GET / HTTP/1.1" 200 375
::1 - - [29/Nov/2018:19:48:09 +0530] "GET /first/ HTTP/1.1" 200 556
::1 - - [29/Nov/2018:19:48:10 +0530] "GET /first/index.html HTTP/1.1" 200 14928
::1 - - [29/Nov/2018:19:48:10 +0530] "GET /first/css/jquery.ennui.contentslider.css HTTP/1.1" 200 2605
::1 - - [29/Nov/2018:19:48:10 +0530] "GET /first/templatemo_style.css HTTP/1.1" 200 7756
::1 - - [29/Nov/2018:19:48:10 +0530] "GET /first/images/templatemo_image_04.jpg HTTP/1.1" 200 20341
::1 - - [29/Nov/2018:19:48:10 +0530] "GET /first/images/templatemo_image_03.jpg HTTP/1.1" 200 17630
::1 - - [29/Nov/2018:19:48:10 +0530] "GET /first/js/jquery-1.3.1.min.js HTTP/1.1" 200 55290
::1 - - [29/Nov/2018:19:48:10 +0530] "GET /first/js/jquery.easing.1.3.js HTTP/1.1" 200 8097
::1 - - [29/Nov/2018:19:48:10 +0530] "GET /first/js/jquery.ennui.contentslider.js HTTP/1.1" 200 4629
::1 - - [29/Nov/2018:19:48:10 +0530] "GET /first/js/jquery.chili-2.2.js HTTP/1.1" 404 226
::1 - - [29/Nov/2018:19:48:10 +0530] "GET /first/images/templatemo_image_05.jpg HTTP/1.1" 200 13369
::1 - - [29/Nov/2018:19:48:10 +0530] "GET /first/js/chili/recipes.js HTTP/1.1" 404 223
::1 - - [29/Nov/2018:19:48:10 +0530] "GET /first/images/templatemo_image_06.jpg HTTP/1.1" 200 18115
::1 - - [29/Nov/2018:19:48:10 +0530] "GET /first/images/folder.png HTTP/1.1" 200 7045
::1 - - [29/Nov/2018:19:48:10 +0530] "GET /first/images/paint.png HTTP/1.1" 200 8066
::1 - - [29/Nov/2018:19:48:10 +0530] "GET /first/images/safe.png HTTP/1.1" 200 6973
::1 - - [29/Nov/2018:19:48:10 +0530] "GET /first/images/templatemo_banner_bg_wrapper_outter.jpg HTTP/1.1" 200 537
::1 - - [29/Nov/2018:19:48:10 +0530] "GET /first/images/templatemo_banner_bg_wrapper.jpg HTTP/1.1" 200 34174
::1 - - [29/Nov/2018:19:48:10 +0530] "GET /first/images/templatemo_banner_bg.jpg HTTP/1.1" 200 25437
::1 - - [29/Nov/2018:19:48:10 +0530] "GET /first/images/templatemo_site_title_bg_wrapper.jpg HTTP/1.1" 200 351
::1 - - [29/Nov/2018:19:48:10 +0530] "GET /first/images/templatemo_banner_img_frame.png HTTP/1.1" 200 1698
::1 - - [29/Nov/2018:19:48:10 +0530] "GET /first/images/templatemo_site_title_bg.jpg HTTP/1.1" 200 2675
::1 - - [29/Nov/2018:19:48:10 +0530] "GET /first/images/templatemo_menu_bg_right.jpg HTTP/1.1" 200 479
::1 - - [29/Nov/2018:19:48:10 +0530] "GET /first/images/templatemo_menu_bg_left.jpg HTTP/1.1" 200 358
::1 - - [29/Nov/2018:19:48:10 +0530] "GET /first/images/templatemo_menu_bg_left_hover.jpg HTTP/1.1" 200 370
::1 - - [29/Nov/2018:19:48:10 +0530] "GET /first/images/templatemo_menu_bg_right_hover.jpg HTTP/1.1" 200 535
::1 - - [29/Nov/2018:19:48:10 +0530] "GET /first/js/jquery.chili-2.2.js HTTP/1.1" 404 226
::1 - - [29/Nov/2018:19:48:10 +0530] "GET /first/js/chili/recipes.js HTTP/1.1" 404 223
::1 - - [29/Nov/2018:19:48:10 +0530] "GET /first/images/templatemo_footer_bg.jpg HTTP/1.1" 200 399
::1 - - [29/Nov/2018:19:48:10 +0530] "GET /first/images/templatemo_content_bg_middle.png HTTP/1.1" 404 243
::1 - - [29/Nov/2018:19:48:10 +0530] "GET /first/images/templatemo_button_01.jpg HTTP/1.1" 200 794
::1 - - [29/Nov/2018:19:48:10 +0530] "GET /first/images/twitter.png HTTP/1.1" 200 9903
::1 - - [29/Nov/2018:19:48:10 +0530] "GET /first/images/slider_left_control.png HTTP/1.1" 200 3030
::1 - - [29/Nov/2018:19:48:10 +0530] "GET /first/images/slider_right_control.png HTTP/1.1" 200 6071
::1 - - [29/Nov/2018:19:48:13 +0530] "POST /first/connect.php HTTP/1.1" 200 120
::1 - - [29/Nov/2018:19:48:45 +0530] "POST /phpMyAdmin-4.8.3-all-languages/phpmyadmin/sql.php HTTP/1.1" 200 4310
::1 - - [29/Nov/2018:19:48:46 +0530] "POST /phpMyAdmin-4.8.3-all-languages/phpmyadmin/navigation.php?ajax_request=1 HTTP/1.1" 200 2631
::1 - - [29/Nov/2018:19:48:52 +0530] "POST /first/connect.php HTTP/1.1" 200 35
::1 - - [29/Nov/2018:19:49:08 +0530] "GET /phpMyAdmin-4.8.3-all-languages/phpmyadmin/sql.php?db=youtube&table=account&pos=0&ajax_request=true&ajax_page_request=true&_nocache=1543501148649724025&token=DCcM%5C%7CCQ%5E%26L%3Ao%7F-( HTTP/1.1" 200 5694
::1 - - [29/Nov/2018:19:49:09 +0530] "GET /phpMyAdmin-4.8.3-all-languages/phpmyadmin/themes/pmahomme/img/b_chart.png HTTP/1.1" 200 449
::1 - - [29/Nov/2018:19:49:09 +0530] "GET /phpMyAdmin-4.8.3-all-languages/phpmyadmin/themes/pmahomme/img/col_pointer.png HTTP/1.1" 200 102
::1 - - [29/Nov/2018:19:49:09 +0530] "GET /phpMyAdmin-4.8.3-all-languages/phpmyadmin/index.php?ajax_request=1&recent_table=1&no_debug=true&_nocache=1543501149142670633&token=DCcM%5C%7CCQ%5E%26L%3Ao%7F-( HTTP/1.1" 200 1471
