AH00558: httpd.exe: Could not reliably determine the server's fully qualified domain name, using fe80::d03d:910b:d545:ccd. Set the 'ServerName' directive globally to suppress this message
[Thu Nov 29 17:26:42.606834 2018] [mpm_winnt:notice] [pid 4524:tid 564] AH00455: Apache/2.4.37 (Win64) PHP/5.6.38 configured -- resuming normal operations
[Thu Nov 29 17:26:42.606834 2018] [mpm_winnt:notice] [pid 4524:tid 564] AH00456: Apache Lounge VC15 Server built: Nov 21 2018 11:51:35
[Thu Nov 29 17:26:42.606834 2018] [core:notice] [pid 4524:tid 564] AH00094: Command line: 'C:\\Apache24\\bin\\httpd.exe -d C:/Apache24'
[Thu Nov 29 17:26:42.613816 2018] [mpm_winnt:notice] [pid 4524:tid 564] AH00418: Parent: Created child process 8440
AH00558: httpd.exe: Could not reliably determine the server's fully qualified domain name, using fe80::d03d:910b:d545:ccd. Set the 'ServerName' directive globally to suppress this message
AH00558: httpd.exe: Could not reliably determine the server's fully qualified domain name, using fe80::d03d:910b:d545:ccd. Set the 'ServerName' directive globally to suppress this message
[Thu Nov 29 17:26:43.005768 2018] [mpm_winnt:notice] [pid 8440:tid 808] AH00354: Child: Starting 64 worker threads.
The 'Apache2.4' service is restarting.
The 'Apache2.4' service has restarted.
winnt:notice] [pid 4524:tid 564] AH00424: Parent: Received restart signal -- Restarting the server.
AH00558: httpd.exe: Could not reliably determine the server's fully qualified domain name, using fe80::d03d:910b:d545:ccd. Set the 'ServerName' directive globally to suppress this message
[Thu Nov 29 17:37:05.980569 2018] [mpm_winnt:notice] [pid 4524:tid 564] AH00455: Apache/2.4.37 (Win64) PHP/5.6.38 configured -- resuming normal operations
[Thu Nov 29 17:37:05.980569 2018] [mpm_winnt:notice] [pid 4524:tid 564] AH00456: Apache Lounge VC15 Server built: Nov 21 2018 11:51:35
[Thu Nov 29 17:37:05.980569 2018] [core:notice] [pid 4524:tid 564] AH00094: Command line: 'C:\\Apache24\\bin\\httpd.exe -d C:/Apache24'
[Thu Nov 29 17:37:06.033426 2018] [mpm_winnt:notice] [pid 4524:tid 564] AH00418: Parent: Created child process 12528
AH00558: httpd.exe: Could not reliably determine the server's fully qualified domain name, using fe80::d03d:910b:d545:ccd. Set the 'ServerName' directive globally to suppress this message
AH00558: httpd.exe: Could not reliably determine the server's fully qualified domain name, using fe80::d03d:910b:d545:ccd. Set the 'ServerName' directive globally to suppress this message
[Thu Nov 29 17:37:08.553715 2018] [mpm_winnt:notice] [pid 12528:tid 776] AH00354: Child: Starting 64 worker threads.
The 'Apache2.4' service is restarting.
The 'Apache2.4' service has restarted.
winnt:notice] [pid 4524:tid 564] AH00424: Parent: Received restart signal -- Restarting the server.
AH00558: httpd.exe: Could not reliably determine the server's fully qualified domain name, using fe80::d03d:910b:d545:ccd. Set the 'ServerName' directive globally to suppress this message
[Thu Nov 29 17:37:55.451256 2018] [mpm_winnt:notice] [pid 4524:tid 564] AH00455: Apache/2.4.37 (Win64) PHP/5.6.38 configured -- resuming normal operations
[Thu Nov 29 17:37:55.451256 2018] [mpm_winnt:notice] [pid 4524:tid 564] AH00456: Apache Lounge VC15 Server built: Nov 21 2018 11:51:35
[Thu Nov 29 17:37:55.451256 2018] [core:notice] [pid 4524:tid 564] AH00094: Command line: 'C:\\Apache24\\bin\\httpd.exe -d C:/Apache24'
[Thu Nov 29 17:37:55.496108 2018] [mpm_winnt:notice] [pid 4524:tid 564] AH00418: Parent: Created child process 15036
AH00558: httpd.exe: Could not reliably determine the server's fully qualified domain name, using fe80::d03d:910b:d545:ccd. Set the 'ServerName' directive globally to suppress this message
AH00558: httpd.exe: Could not reliably determine the server's fully qualified domain name, using fe80::d03d:910b:d545:ccd. Set the 'ServerName' directive globally to suppress this message
[Thu Nov 29 17:37:58.060248 2018] [mpm_winnt:notice] [pid 15036:tid 792] AH00354: Child: Starting 64 worker threads.
The 'Apache2.4' service is restarting.
The 'Apache2.4' service has restarted.
winnt:notice] [pid 4524:tid 564] AH00424: Parent: Received restart signal -- Restarting the server.
[Thu Nov 29 17:52:49.490610 2018] [mpm_winnt:notice] [pid 4524:tid 564] AH00455: Apache/2.4.37 (Win64) PHP/5.6.38 configured -- resuming normal operations
[Thu Nov 29 17:52:49.490610 2018] [mpm_winnt:notice] [pid 4524:tid 564] AH00456: Apache Lounge VC15 Server built: Nov 21 2018 11:51:35
[Thu Nov 29 17:52:49.490610 2018] [core:notice] [pid 4524:tid 564] AH00094: Command line: 'C:\\Apache24\\bin\\httpd.exe -d C:/Apache24'
[Thu Nov 29 17:52:49.492605 2018] [mpm_winnt:notice] [pid 4524:tid 564] AH00418: Parent: Created child process 17984
[Thu Nov 29 17:52:50.441066 2018] [mpm_winnt:notice] [pid 17984:tid 648] AH00354: Child: Starting 64 worker threads.
[Thu Nov 29 17:52:51.442420 2018] [mpm_winnt:notice] [pid 15036:tid 792] AH00364: Child: All worker threads have exited.
[Thu Nov 29 18:10:29.527816 2018] [mpm_winnt:notice] [pid 4524:tid 564] AH00422: Parent: Received shutdown signal -- Shutting down the server.
[Thu Nov 29 18:10:31.575576 2018] [mpm_winnt:notice] [pid 17984:tid 648] AH00364: Child: All worker threads have exited.
[Thu Nov 29 18:10:31.591195 2018] [mpm_winnt:notice] [pid 4524:tid 564] AH00430: Parent: Child process 17984 exited successfully.
[Thu Nov 29 18:10:59.826163 2018] [mpm_winnt:notice] [pid 4312:tid 628] AH00455: Apache/2.4.37 (Win64) PHP/5.6.38 configured -- resuming normal operations
[Thu Nov 29 18:10:59.827161 2018] [mpm_winnt:notice] [pid 4312:tid 628] AH00456: Apache Lounge VC15 Server built: Nov 21 2018 11:51:35
[Thu Nov 29 18:10:59.827161 2018] [core:notice] [pid 4312:tid 628] AH00094: Command line: 'C:\\Apache24\\bin\\httpd.exe -d C:/Apache24'
[Thu Nov 29 18:10:59.830153 2018] [mpm_winnt:notice] [pid 4312:tid 628] AH00418: Parent: Created child process 8056
[Thu Nov 29 18:11:00.594110 2018] [mpm_winnt:notice] [pid 8056:tid 608] AH00354: Child: Starting 64 worker threads.
[Thu Nov 29 18:12:07.491055 2018] [:error] [pid 8056:tid 1128] [client ::1:49921] PHP Warning:  phpinfo(): It is not safe to rely on the system's timezone settings. You are *required* to use the date.timezone setting or the date_default_timezone_set() function. In case you used any of those methods and you are still getting this warning, you most likely misspelled the timezone identifier. We selected the timezone 'UTC' for now, but please set date.timezone to select your timezone. in C:\\Apache24\\htdocs\\info.php on line 1, referer: http://localhost/
[Thu Nov 29 18:14:33.699441 2018] [:error] [pid 8056:tid 1128] [client ::1:50153] PHP Warning:  phpinfo(): It is not safe to rely on the system's timezone settings. You are *required* to use the date.timezone setting or the date_default_timezone_set() function. In case you used any of those methods and you are still getting this warning, you most likely misspelled the timezone identifier. We selected the timezone 'UTC' for now, but please set date.timezone to select your timezone. in C:\\Apache24\\htdocs\\info.php on line 1, referer: http://localhost/
[Thu Nov 29 18:26:42.053115 2018] [:error] [pid 8056:tid 1128] [client ::1:50399] PHP Warning:  phpinfo(): It is not safe to rely on the system's timezone settings. You are *required* to use the date.timezone setting or the date_default_timezone_set() function. In case you used any of those methods and you are still getting this warning, you most likely misspelled the timezone identifier. We selected the timezone 'UTC' for now, but please set date.timezone to select your timezone. in C:\\Apache24\\htdocs\\info.php on line 1, referer: http://localhost/
The 'Apache2.4' service is restarting.
The 'Apache2.4' service has restarted.
winnt:notice] [pid 4312:tid 628] AH00424: Parent: Received restart signal -- Restarting the server.
[Thu Nov 29 19:45:01.275698 2018] [mpm_winnt:notice] [pid 4312:tid 628] AH00455: Apache/2.4.37 (Win64) PHP/5.6.38 configured -- resuming normal operations
[Thu Nov 29 19:45:01.275698 2018] [mpm_winnt:notice] [pid 4312:tid 628] AH00456: Apache Lounge VC15 Server built: Nov 21 2018 11:51:35
[Thu Nov 29 19:45:01.275698 2018] [core:notice] [pid 4312:tid 628] AH00094: Command line: 'C:\\Apache24\\bin\\httpd.exe -d C:/Apache24'
[Thu Nov 29 19:45:01.317586 2018] [mpm_winnt:notice] [pid 4312:tid 628] AH00418: Parent: Created child process 3064
[Thu Nov 29 19:45:02.196238 2018] [mpm_winnt:notice] [pid 3064:tid 628] AH00354: Child: Starting 64 worker threads.
[Thu Nov 29 19:45:03.196590 2018] [mpm_winnt:notice] [pid 8056:tid 608] AH00364: Child: All worker threads have exited.
[Thu Nov 29 19:47:08.874314 2018] [:error] [pid 3064:tid 1164] [client ::1:51772] PHP Warning:  phpinfo(): It is not safe to rely on the system's timezone settings. You are *required* to use the date.timezone setting or the date_default_timezone_set() function. In case you used any of those methods and you are still getting this warning, you most likely misspelled the timezone identifier. We selected the timezone 'UTC' for now, but please set date.timezone to select your timezone. in C:\\Apache24\\htdocs\\info.php on line 1, referer: http://localhost/
